TN:
SF:src\database.ts
FNF:0
FNH:0
DA:1,1
DA:2,1
DA:3,1
DA:4,1
DA:5,1
DA:6,1
DA:7,1
DA:8,1
LF:8
LH:8
BRF:0
BRH:0
end_of_record
TN:
SF:src\controllers\usersController.ts
FN:4,UsersController
FN:5,UsersController.criarUsuario
FN:17,UsersController.listarUsuario
FNF:3
FNH:2
FNDA:1,UsersController
FNDA:1,UsersController.criarUsuario
FNDA:0,UsersController.listarUsuario
DA:1,1
DA:2,1
DA:3,1
DA:4,1
DA:5,1
DA:6,1
DA:7,1
DA:8,1
DA:9,1
DA:10,1
DA:11,1
DA:12,0
DA:13,0
DA:14,0
DA:15,1
DA:16,1
DA:17,1
DA:18,0
DA:19,0
DA:20,1
LF:20
LH:15
BRDA:4,0,0,1
BRDA:5,1,0,1
BRDA:5,2,0,1
BRDA:8,3,0,0
BRDA:12,4,0,0
BRF:5
BRH:3
end_of_record
TN:
SF:src\mocks\mockResponse.ts
FN:10,makeMockResponse
FN:16,response.status
FN:21,response.json
FNF:3
FNH:3
FNDA:1,makeMockResponse
FNDA:1,response.status
FNDA:1,response.json
DA:1,1
DA:2,1
DA:3,1
DA:4,1
DA:5,1
DA:6,1
DA:7,1
DA:8,1
DA:9,1
DA:10,1
DA:11,1
DA:12,1
DA:13,1
DA:14,1
DA:15,1
DA:16,1
DA:17,1
DA:18,1
DA:19,1
DA:20,1
DA:21,1
DA:22,1
DA:23,1
DA:24,1
DA:25,1
DA:26,1
DA:27,1
LF:27
LH:27
BRDA:10,0,0,1
BRDA:16,1,0,1
BRDA:21,2,0,1
BRF:3
BRH:3
end_of_record
